<?xml version="1.0" encoding="UTF-8"?>
<coverage generated="1644176151739" clover="3.2.0">
  <project timestamp="1644176151740" name="All files">
    <metrics statements="50" coveredstatements="46" conditionals="18" coveredconditionals="11" methods="20" coveredmethods="17" elements="88" coveredelements="74" complexity="0" loc="50" ncloc="50" packages="4" files="8" classes="8"/>
    <package name="src">
      <metrics statements="27" coveredstatements="26" conditionals="10" coveredconditionals="6" methods="15" coveredmethods="14"/>
      <file name="effectDescriptor.js" path="/home/dasensio/projects/github/users/d-asensio/regenerate/src/effectDescriptor.js">
        <metrics statements="8" coveredstatements="8" conditionals="3" coveredconditionals="3" methods="5" coveredmethods="5"/>
        <line num="6" count="9" type="stmt"/>
        <line num="10" count="3" type="stmt"/>
        <line num="17" count="3" type="stmt"/>
        <line num="21" count="2" type="stmt"/>
        <line num="25" count="14" type="stmt"/>
        <line num="26" count="14" type="stmt"/>
        <line num="30" count="8" type="stmt"/>
        <line num="34" count="7" type="stmt"/>
      </file>
      <file name="effectRegistry.js" path="/home/dasensio/projects/github/users/d-asensio/regenerate/src/effectRegistry.js">
        <metrics statements="13" coveredstatements="13" conditionals="5" coveredconditionals="3" methods="6" coveredmethods="6"/>
        <line num="3" count="1" type="stmt"/>
        <line num="4" count="1" type="stmt"/>
        <line num="10" count="2" type="stmt"/>
        <line num="13" count="2" type="stmt"/>
        <line num="14" count="2" type="stmt"/>
        <line num="16" count="2" type="stmt"/>
        <line num="20" count="2" type="stmt"/>
        <line num="22" count="1" type="stmt"/>
        <line num="26" count="2" type="cond" truecount="2" falsecount="0"/>
        <line num="27" count="1" type="stmt"/>
        <line num="31" count="2" type="stmt"/>
        <line num="39" count="2" type="stmt"/>
        <line num="40" count="2" type="stmt"/>
      </file>
      <file name="effectsRegistryDraft.js" path="/home/dasensio/projects/github/users/d-asensio/regenerate/src/effectsRegistryDraft.js">
        <metrics statements="6" coveredstatements="5" conditionals="2" coveredconditionals="0" methods="4" coveredmethods="3"/>
        <line num="2" count="2" type="stmt"/>
        <line num="5" count="5" type="stmt"/>
        <line num="6" count="5" type="stmt"/>
        <line num="8" count="16" type="stmt"/>
        <line num="12" count="0" type="cond" truecount="0" falsecount="2"/>
        <line num="15" count="2" type="stmt"/>
      </file>
    </package>
    <package name="src.effects">
      <metrics statements="2" coveredstatements="1" conditionals="2" coveredconditionals="0" methods="1" coveredmethods="0"/>
      <file name="helpers.js" path="/home/dasensio/projects/github/users/d-asensio/regenerate/src/effects/helpers.js">
        <metrics statements="1" coveredstatements="0" conditionals="2" coveredconditionals="0" methods="1" coveredmethods="0"/>
        <line num="6" count="0" type="cond" truecount="0" falsecount="2"/>
      </file>
      <file name="store.js" path="/home/dasensio/projects/github/users/d-asensio/regenerate/src/effects/store.js">
        <metrics statements="1" coveredstatements="1" conditionals="0" coveredconditionals="0" methods="0" coveredmethods="0"/>
        <line num="3" count="2" type="stmt"/>
      </file>
    </package>
    <package name="src.matchers">
      <metrics statements="15" coveredstatements="13" conditionals="6" coveredconditionals="5" methods="2" coveredmethods="1"/>
      <file name="toGenerateEffects.js" path="/home/dasensio/projects/github/users/d-asensio/regenerate/src/matchers/toGenerateEffects.js">
        <metrics statements="15" coveredstatements="13" conditionals="6" coveredconditionals="5" methods="2" coveredmethods="1"/>
        <line num="2" count="4" type="stmt"/>
        <line num="3" count="4" type="stmt"/>
        <line num="5" count="4" type="stmt"/>
        <line num="6" count="7" type="stmt"/>
        <line num="8" count="7" type="stmt"/>
        <line num="10" count="7" type="stmt"/>
        <line num="12" count="6" type="stmt"/>
        <line num="14" count="6" type="cond" truecount="3" falsecount="1"/>
        <line num="15" count="0" type="stmt"/>
        <line num="16" count="0" type="stmt"/>
        <line num="21" count="6" type="cond" truecount="2" falsecount="0"/>
        <line num="22" count="1" type="stmt"/>
        <line num="25" count="6" type="stmt"/>
        <line num="26" count="6" type="stmt"/>
        <line num="29" count="3" type="stmt"/>
      </file>
    </package>
    <package name="src.services">
      <metrics statements="6" coveredstatements="6" conditionals="0" coveredconditionals="0" methods="2" coveredmethods="2"/>
      <file name="incrementCounter.js" path="/home/dasensio/projects/github/users/d-asensio/regenerate/src/services/incrementCounter.js">
        <metrics statements="2" coveredstatements="2" conditionals="0" coveredconditionals="0" methods="1" coveredmethods="1"/>
        <line num="4" count="2" type="stmt"/>
        <line num="5" count="2" type="stmt"/>
      </file>
      <file name="writeErrorToStore.js" path="/home/dasensio/projects/github/users/d-asensio/regenerate/src/services/writeErrorToStore.js">
        <metrics statements="4" coveredstatements="4" conditionals="0" coveredconditionals="0" methods="1" coveredmethods="1"/>
        <line num="5" count="2" type="stmt"/>
        <line num="6" count="2" type="stmt"/>
        <line num="7" count="1" type="stmt"/>
        <line num="9" count="1" type="stmt"/>
      </file>
    </package>
  </project>
</coverage>
