{"/home/dasensio/projects/github/users/d-asensio/regenerate/src/effectDescriptor.js": {"path":"/home/dasensio/projects/github/users/d-asensio/regenerate/src/effectDescriptor.js","statementMap":{"0":{"start":{"line":6,"column":4},"end":{"line":6,"column":41}},"1":{"start":{"line":10,"column":4},"end":{"line":13,"column":5}},"2":{"start":{"line":17,"column":4},"end":{"line":17,"column":55}},"3":{"start":{"line":21,"column":4},"end":{"line":21,"column":44}},"4":{"start":{"line":25,"column":4},"end":{"line":25,"column":17}},"5":{"start":{"line":26,"column":4},"end":{"line":26,"column":21}},"6":{"start":{"line":30,"column":4},"end":{"line":30,"column":19}},"7":{"start":{"line":34,"column":4},"end":{"line":34,"column":21}}},"fnMap":{"0":{"name":"(anonymous_0)","decl":{"start":{"line":5,"column":2},"end":{"line":5,"column":3}},"loc":{"start":{"line":5,"column":35},"end":{"line":7,"column":3}},"line":5},"1":{"name":"(anonymous_1)","decl":{"start":{"line":9,"column":2},"end":{"line":9,"column":3}},"loc":{"start":{"line":9,"column":36},"end":{"line":14,"column":3}},"line":9},"2":{"name":"(anonymous_2)","decl":{"start":{"line":24,"column":2},"end":{"line":24,"column":3}},"loc":{"start":{"line":24,"column":30},"end":{"line":27,"column":3}},"line":24},"3":{"name":"(anonymous_3)","decl":{"start":{"line":29,"column":2},"end":{"line":29,"column":3}},"loc":{"start":{"line":29,"column":12},"end":{"line":31,"column":3}},"line":29},"4":{"name":"(anonymous_4)","decl":{"start":{"line":33,"column":2},"end":{"line":33,"column":3}},"loc":{"start":{"line":33,"column":14},"end":{"line":35,"column":3}},"line":33}},"branchMap":{"0":{"loc":{"start":{"line":11,"column":6},"end":{"line":12,"column":66}},"type":"binary-expr","locations":[{"start":{"line":11,"column":6},"end":{"line":11,"column":57}},{"start":{"line":12,"column":6},"end":{"line":12,"column":66}}],"line":11},"1":{"loc":{"start":{"line":24,"column":19},"end":{"line":24,"column":28}},"type":"default-arg","locations":[{"start":{"line":24,"column":26},"end":{"line":24,"column":28}}],"line":24}},"s":{"0":9,"1":3,"2":3,"3":2,"4":14,"5":14,"6":8,"7":7},"f":{"0":9,"1":3,"2":14,"3":8,"4":7},"b":{"0":[3,2],"1":[9]},"_coverageSchema":"1a1c01bbd47fc00a2c39e90264f33305004495a9","hash":"19f89e957dd39c20f7b27da457d8d41bb618568e"}
,"/home/dasensio/projects/github/users/d-asensio/regenerate/src/effectRegistry.js": {"path":"/home/dasensio/projects/github/users/d-asensio/regenerate/src/effectRegistry.js","statementMap":{"0":{"start":{"line":3,"column":33},"end":{"line":3,"column":39}},"1":{"start":{"line":4,"column":23},"end":{"line":4,"column":32}},"2":{"start":{"line":10,"column":6},"end":{"line":10,"column":18}},"3":{"start":{"line":13,"column":15},"end":{"line":13,"column":47}},"4":{"start":{"line":14,"column":4},"end":{"line":14,"column":29}},"5":{"start":{"line":16,"column":4},"end":{"line":16,"column":65}},"6":{"start":{"line":16,"column":24},"end":{"line":16,"column":65}},"7":{"start":{"line":20,"column":4},"end":{"line":20,"column":27}},"8":{"start":{"line":22,"column":4},"end":{"line":22,"column":26}},"9":{"start":{"line":26,"column":4},"end":{"line":28,"column":5}},"10":{"start":{"line":27,"column":6},"end":{"line":27,"column":94}},"11":{"start":{"line":31,"column":2},"end":{"line":34,"column":3}},"12":{"start":{"line":39,"column":4},"end":{"line":39,"column":18}},"13":{"start":{"line":40,"column":4},"end":{"line":40,"column":42}}},"fnMap":{"0":{"name":"createEffectRegistry","decl":{"start":{"line":6,"column":16},"end":{"line":6,"column":36}},"loc":{"start":{"line":6,"column":57},"end":{"line":35,"column":1}},"line":6},"1":{"name":"create","decl":{"start":{"line":12,"column":11},"end":{"line":12,"column":17}},"loc":{"start":{"line":12,"column":29},"end":{"line":17,"column":3}},"line":12},"2":{"name":"(anonymous_2)","decl":{"start":{"line":16,"column":11},"end":{"line":16,"column":12}},"loc":{"start":{"line":16,"column":24},"end":{"line":16,"column":65}},"line":16},"3":{"name":"getEffectById","decl":{"start":{"line":19,"column":11},"end":{"line":19,"column":24}},"loc":{"start":{"line":19,"column":30},"end":{"line":23,"column":3}},"line":19},"4":{"name":"effectExistsOrThrow","decl":{"start":{"line":25,"column":11},"end":{"line":25,"column":30}},"loc":{"start":{"line":25,"column":36},"end":{"line":29,"column":3}},"line":25},"5":{"name":"(anonymous_5)","decl":{"start":{"line":38,"column":2},"end":{"line":38,"column":3}},"loc":{"start":{"line":38,"column":24},"end":{"line":41,"column":3}},"line":38}},"branchMap":{"0":{"loc":{"start":{"line":6,"column":38},"end":{"line":6,"column":55}},"type":"default-arg","locations":[{"start":{"line":6,"column":53},"end":{"line":6,"column":55}}],"line":6},"1":{"loc":{"start":{"line":8,"column":4},"end":{"line":8,"column":48}},"type":"default-arg","locations":[{"start":{"line":8,"column":24},"end":{"line":8,"column":48}}],"line":8},"2":{"loc":{"start":{"line":9,"column":4},"end":{"line":9,"column":28}},"type":"default-arg","locations":[{"start":{"line":9,"column":14},"end":{"line":9,"column":28}}],"line":9},"3":{"loc":{"start":{"line":26,"column":4},"end":{"line":28,"column":5}},"type":"if","locations":[{"start":{"line":26,"column":4},"end":{"line":28,"column":5}},{"start":{},"end":{}}],"line":26}},"s":{"0":1,"1":1,"2":2,"3":2,"4":2,"5":2,"6":1,"7":2,"8":1,"9":2,"10":1,"11":2,"12":2,"13":2},"f":{"0":2,"1":2,"2":1,"3":2,"4":2,"5":2},"b":{"0":[0],"1":[1],"2":[0],"3":[1,1]},"_coverageSchema":"1a1c01bbd47fc00a2c39e90264f33305004495a9","hash":"29f8f77f3ef4fdb9e8c5a7de736d4995e4407dbc"}
,"/home/dasensio/projects/github/users/d-asensio/regenerate/src/effectsRegistryDraft.js": {"path":"/home/dasensio/projects/github/users/d-asensio/regenerate/src/effectsRegistryDraft.js","statementMap":{"0":{"start":{"line":2,"column":18},"end":{"line":2,"column":27}},"1":{"start":{"line":5,"column":15},"end":{"line":5,"column":36}},"2":{"start":{"line":6,"column":4},"end":{"line":6,"column":29}},"3":{"start":{"line":8,"column":4},"end":{"line":8,"column":38}},"4":{"start":{"line":8,"column":25},"end":{"line":8,"column":37}},"5":{"start":{"line":12,"column":4},"end":{"line":12,"column":34}},"6":{"start":{"line":15,"column":2},"end":{"line":18,"column":3}}},"fnMap":{"0":{"name":"createEffectsRegistry","decl":{"start":{"line":1,"column":9},"end":{"line":1,"column":30}},"loc":{"start":{"line":1,"column":34},"end":{"line":19,"column":1}},"line":1},"1":{"name":"create","decl":{"start":{"line":4,"column":11},"end":{"line":4,"column":17}},"loc":{"start":{"line":4,"column":29},"end":{"line":9,"column":3}},"line":4},"2":{"name":"(anonymous_2)","decl":{"start":{"line":8,"column":11},"end":{"line":8,"column":12}},"loc":{"start":{"line":8,"column":25},"end":{"line":8,"column":37}},"line":8},"3":{"name":"getById","decl":{"start":{"line":11,"column":11},"end":{"line":11,"column":18}},"loc":{"start":{"line":11,"column":24},"end":{"line":13,"column":3}},"line":11}},"branchMap":{"0":{"loc":{"start":{"line":12,"column":11},"end":{"line":12,"column":34}},"type":"binary-expr","locations":[{"start":{"line":12,"column":11},"end":{"line":12,"column":26}},{"start":{"line":12,"column":30},"end":{"line":12,"column":34}}],"line":12}},"s":{"0":2,"1":5,"2":5,"3":5,"4":16,"5":0,"6":2},"f":{"0":2,"1":5,"2":16,"3":0},"b":{"0":[0,0]},"_coverageSchema":"1a1c01bbd47fc00a2c39e90264f33305004495a9","hash":"6fb6ab8150f0ddccc4d1ea266fe4568740f3a2e7"}
,"/home/dasensio/projects/github/users/d-asensio/regenerate/src/effects/helpers.js": {"path":"/home/dasensio/projects/github/users/d-asensio/regenerate/src/effects/helpers.js","statementMap":{"0":{"start":{"line":6,"column":6},"end":{"line":6,"column":62}},"1":{"start":{"line":6,"column":31},"end":{"line":6,"column":62}}},"fnMap":{"0":{"name":"(anonymous_0)","decl":{"start":{"line":5,"column":4},"end":{"line":5,"column":5}},"loc":{"start":{"line":5,"column":10},"end":{"line":7,"column":5}},"line":5}},"branchMap":{"0":{"loc":{"start":{"line":6,"column":6},"end":{"line":6,"column":62}},"type":"if","locations":[{"start":{"line":6,"column":6},"end":{"line":6,"column":62}},{"start":{},"end":{}}],"line":6}},"s":{"0":0,"1":0},"f":{"0":0},"b":{"0":[0,0]},"_coverageSchema":"1a1c01bbd47fc00a2c39e90264f33305004495a9","hash":"700963eb457702028b0855166dabce6969994224"}
,"/home/dasensio/projects/github/users/d-asensio/regenerate/src/effects/store.js": {"path":"/home/dasensio/projects/github/users/d-asensio/regenerate/src/effects/store.js","statementMap":{"0":{"start":{"line":3,"column":21},"end":{"line":3,"column":30}}},"fnMap":{},"branchMap":{},"s":{"0":2},"f":{},"b":{},"_coverageSchema":"1a1c01bbd47fc00a2c39e90264f33305004495a9","hash":"64fae0032749713fef18cd0c88d8ba1bc0c10306"}
,"/home/dasensio/projects/github/users/d-asensio/regenerate/src/matchers/toGenerateEffects.js": {"path":"/home/dasensio/projects/github/users/d-asensio/regenerate/src/matchers/toGenerateEffects.js","statementMap":{"0":{"start":{"line":2,"column":17},"end":{"line":2,"column":44}},"1":{"start":{"line":3,"column":18},"end":{"line":3,"column":19}},"2":{"start":{"line":5,"column":2},"end":{"line":27,"column":26}},"3":{"start":{"line":6,"column":40},"end":{"line":6,"column":48}},"4":{"start":{"line":8,"column":37},"end":{"line":8,"column":81}},"5":{"start":{"line":10,"column":4},"end":{"line":10,"column":75}},"6":{"start":{"line":12,"column":32},"end":{"line":12,"column":56}},"7":{"start":{"line":14,"column":4},"end":{"line":19,"column":5}},"8":{"start":{"line":15,"column":6},"end":{"line":18,"column":7}},"9":{"start":{"line":16,"column":23},"end":{"line":16,"column":106}},"10":{"start":{"line":21,"column":4},"end":{"line":23,"column":5}},"11":{"start":{"line":22,"column":6},"end":{"line":22,"column":40}},"12":{"start":{"line":25,"column":4},"end":{"line":25,"column":49}},"13":{"start":{"line":26,"column":4},"end":{"line":26,"column":15}},"14":{"start":{"line":29,"column":2},"end":{"line":29,"column":23}}},"fnMap":{"0":{"name":"toGenerateEffects","decl":{"start":{"line":1,"column":16},"end":{"line":1,"column":33}},"loc":{"start":{"line":1,"column":92},"end":{"line":30,"column":1}},"line":1},"1":{"name":"(anonymous_1)","decl":{"start":{"line":16,"column":17},"end":{"line":16,"column":18}},"loc":{"start":{"line":16,"column":23},"end":{"line":16,"column":106}},"line":16}},"branchMap":{"0":{"loc":{"start":{"line":14,"column":4},"end":{"line":19,"column":5}},"type":"if","locations":[{"start":{"line":14,"column":4},"end":{"line":19,"column":5}},{"start":{},"end":{}}],"line":14},"1":{"loc":{"start":{"line":14,"column":8},"end":{"line":14,"column":25}},"type":"binary-expr","locations":[{"start":{"line":14,"column":8},"end":{"line":14,"column":14}},{"start":{"line":14,"column":18},"end":{"line":14,"column":25}}],"line":14},"2":{"loc":{"start":{"line":21,"column":4},"end":{"line":23,"column":5}},"type":"if","locations":[{"start":{"line":21,"column":4},"end":{"line":23,"column":5}},{"start":{},"end":{}}],"line":21}},"s":{"0":4,"1":4,"2":4,"3":7,"4":7,"5":7,"6":6,"7":6,"8":0,"9":0,"10":6,"11":1,"12":6,"13":6,"14":3},"f":{"0":4,"1":0},"b":{"0":[0,6],"1":[6,1],"2":[1,5]},"_coverageSchema":"1a1c01bbd47fc00a2c39e90264f33305004495a9","hash":"70442f305a8c415f1023a89a7878dd845acb4b17"}
,"/home/dasensio/projects/github/users/d-asensio/regenerate/src/services/incrementCounter.js": {"path":"/home/dasensio/projects/github/users/d-asensio/regenerate/src/services/incrementCounter.js","statementMap":{"0":{"start":{"line":4,"column":30},"end":{"line":4,"column":63}},"1":{"start":{"line":5,"column":2},"end":{"line":5,"column":65}}},"fnMap":{"0":{"name":"incrementCounter","decl":{"start":{"line":3,"column":18},"end":{"line":3,"column":34}},"loc":{"start":{"line":3,"column":48},"end":{"line":6,"column":1}},"line":3}},"branchMap":{},"s":{"0":2,"1":2},"f":{"0":2},"b":{},"_coverageSchema":"1a1c01bbd47fc00a2c39e90264f33305004495a9","hash":"5376f41cc1f65ccc92db6b686782e1e17ab556b3"}
,"/home/dasensio/projects/github/users/d-asensio/regenerate/src/services/writeErrorToStore.js": {"path":"/home/dasensio/projects/github/users/d-asensio/regenerate/src/services/writeErrorToStore.js","statementMap":{"0":{"start":{"line":5,"column":2},"end":{"line":10,"column":3}},"1":{"start":{"line":6,"column":4},"end":{"line":6,"column":45}},"2":{"start":{"line":7,"column":4},"end":{"line":7,"column":57}},"3":{"start":{"line":9,"column":4},"end":{"line":9,"column":73}}},"fnMap":{"0":{"name":"writeErrorToStore","decl":{"start":{"line":4,"column":18},"end":{"line":4,"column":35}},"loc":{"start":{"line":4,"column":39},"end":{"line":11,"column":1}},"line":4}},"branchMap":{},"s":{"0":2,"1":2,"2":1,"3":1},"f":{"0":2},"b":{},"_coverageSchema":"1a1c01bbd47fc00a2c39e90264f33305004495a9","hash":"0adc3be90dd7dc95e2f91fdd2e161f798ec1414a"}
}
