TN:
SF:src/effectDescriptor.js
FN:5,(anonymous_0)
FN:9,(anonymous_1)
FN:24,(anonymous_2)
FN:29,(anonymous_3)
FN:33,(anonymous_4)
FNF:5
FNH:5
FNDA:9,(anonymous_0)
FNDA:3,(anonymous_1)
FNDA:14,(anonymous_2)
FNDA:8,(anonymous_3)
FNDA:7,(anonymous_4)
DA:6,9
DA:10,3
DA:17,3
DA:21,2
DA:25,14
DA:26,14
DA:30,8
DA:34,7
LF:8
LH:8
BRDA:11,0,0,3
BRDA:11,0,1,2
BRDA:24,1,0,9
BRF:3
BRH:3
end_of_record
TN:
SF:src/effectRegistry.js
FN:6,createEffectRegistry
FN:12,create
FN:16,(anonymous_2)
FN:19,getEffectById
FN:25,effectExistsOrThrow
FN:38,(anonymous_5)
FNF:6
FNH:6
FNDA:2,createEffectRegistry
FNDA:2,create
FNDA:1,(anonymous_2)
FNDA:2,getEffectById
FNDA:2,effectExistsOrThrow
FNDA:2,(anonymous_5)
DA:3,1
DA:4,1
DA:10,2
DA:13,2
DA:14,2
DA:16,2
DA:20,2
DA:22,1
DA:26,2
DA:27,1
DA:31,2
DA:39,2
DA:40,2
LF:13
LH:13
BRDA:6,0,0,0
BRDA:8,1,0,1
BRDA:9,2,0,0
BRDA:26,3,0,1
BRDA:26,3,1,1
BRF:5
BRH:3
end_of_record
TN:
SF:src/effectsRegistryDraft.js
FN:1,createEffectsRegistry
FN:4,create
FN:8,(anonymous_2)
FN:11,getById
FNF:4
FNH:3
FNDA:2,createEffectsRegistry
FNDA:5,create
FNDA:16,(anonymous_2)
FNDA:0,getById
DA:2,2
DA:5,5
DA:6,5
DA:8,16
DA:12,0
DA:15,2
LF:6
LH:5
BRDA:12,0,0,0
BRDA:12,0,1,0
BRF:2
BRH:0
end_of_record
TN:
SF:src/effects/helpers.js
FN:5,(anonymous_0)
FNF:1
FNH:0
FNDA:0,(anonymous_0)
DA:6,0
LF:1
LH:0
BRDA:6,0,0,0
BRDA:6,0,1,0
BRF:2
BRH:0
end_of_record
TN:
SF:src/effects/store.js
FNF:0
FNH:0
DA:3,2
LF:1
LH:1
BRF:0
BRH:0
end_of_record
TN:
SF:src/matchers/toGenerateEffects.js
FN:1,toGenerateEffects
FN:16,(anonymous_1)
FNF:2
FNH:1
FNDA:4,toGenerateEffects
FNDA:0,(anonymous_1)
DA:2,4
DA:3,4
DA:5,4
DA:6,7
DA:8,7
DA:10,7
DA:12,6
DA:14,6
DA:15,0
DA:16,0
DA:21,6
DA:22,1
DA:25,6
DA:26,6
DA:29,3
LF:15
LH:13
BRDA:14,0,0,0
BRDA:14,0,1,6
BRDA:14,1,0,6
BRDA:14,1,1,1
BRDA:21,2,0,1
BRDA:21,2,1,5
BRF:6
BRH:5
end_of_record
TN:
SF:src/services/incrementCounter.js
FN:3,incrementCounter
FNF:1
FNH:1
FNDA:2,incrementCounter
DA:4,2
DA:5,2
LF:2
LH:2
BRF:0
BRH:0
end_of_record
TN:
SF:src/services/writeErrorToStore.js
FN:4,writeErrorToStore
FNF:1
FNH:1
FNDA:2,writeErrorToStore
DA:5,2
DA:6,2
DA:7,1
DA:9,1
LF:4
LH:4
BRF:0
BRH:0
end_of_record
